<?xml version="1.0" encoding="UTF-8"?>
<!-- Generated by org.testng.reporters.JUnitReportReporter -->
<testsuite hostname="DESKTOP-S40IG0S" failures="0" tests="1" name="com.globant.AppTest" time="0.020" errors="0" timestamp="10 jun 2025 06:27:07 GMT" skipped="0">
  <testcase classname="com.globant.AppTest" name="shouldAnswerWithTrue" time="0.020"/>
</testsuite> <!-- com.globant.AppTest -->
